<?xml version="1.0" encoding="UTF-8"?>
<robot generator="Robot 3.2.2 (Python 3.9.1 on win32)" generated="20210211 16:43:40.993" rpa="false">
<suite id="s1" name="Play" source="C:\Users\vgdcarvalho\Documents\Dev - pessoal\Robot\Parodify\tests\play.robot">
<test id="s1-t1" name="Reproduzir paródia Bug de Manhã">
<kw name="Login" library="login" type="setup">
<kw name="Open Login Page" library="login">
<kw name="Open Browser" library="Browser">
<tags>
<tag>BrowserControl</tag>
<tag>Setter</tag>
</tags>
<doc>Opens a new browser instance. Use this keyword for quick experiments or debugging sessions.
Use `New Page` directly instead of `Open Browser` for production and automated execution.
See `Browser, Context and Page` for more information about Browser and related concepts.</doc>
<arguments>
<arg>http://parodify.herokuapp.com/users/sign_in</arg>
<arg>chromium</arg>
</arguments>
<msg timestamp="20210211 16:43:41.798" level="WARN">Open Browser is for quick experimentation and debugging only. Use New Page for production.</msg>
<msg timestamp="20210211 16:43:41.799" level="INFO">{"browser": "chromium", "headless": false, "handleSIGINT": true, "handleSIGTERM": true, "handleSIGHUP": true, "timeout": 30000.0, "devtools": false, "slowMo": 0.0}</msg>
<msg timestamp="20210211 16:43:42.331" level="INFO">Successfully created browser with options: {"browser":"chromium","headless":false,"handleSIGINT":true,"handleSIGTERM":true,"handleSIGHUP":true,"timeout":30000,"devtools":false,"slowMo":0}</msg>
<msg timestamp="20210211 16:43:42.331" level="INFO">{"acceptDownloads": false, "ignoreHTTPSErrors": false, "bypassCSP": false, "deviceScaleFactor": 1.0, "isMobile": false, "hasTouch": false, "javaScriptEnabled": true, "offline": false, "hideRfBrowser": false}</msg>
<msg timestamp="20210211 16:43:42.343" level="INFO">Successfully created context with options: {"acceptDownloads":false,"ignoreHTTPSErrors":false,"bypassCSP":false,"deviceScaleFactor":1,"isMobile":false,"hasTouch":false,"javaScriptEnabled":true,"offline":false,"hideRfBrowser":false}</msg>
<msg timestamp="20210211 16:43:46.027" level="INFO">Successfully initialized new page object and opened url: http://parodify.herokuapp.com/users/sign_in</msg>
<status status="PASS" starttime="20210211 16:43:41.797" endtime="20210211 16:43:46.027"></status>
</kw>
<status status="PASS" starttime="20210211 16:43:41.797" endtime="20210211 16:43:46.027"></status>
</kw>
<kw name="Login With" library="login">
<arguments>
<arg>papito@parodify.com</arg>
<arg>pwd123</arg>
</arguments>
<kw name="Fill Text" library="Browser">
<tags>
<tag>PageContent</tag>
<tag>Setter</tag>
</tags>
<doc>Clears and fills the given ``text`` into the text field found by ``selector``.</doc>
<arguments>
<arg>css=#user_email</arg>
<arg>${email_arg}</arg>
</arguments>
<msg timestamp="20210211 16:43:46.028" level="INFO">Fills the text 'papito@parodify.com' in the given field.</msg>
<status status="PASS" starttime="20210211 16:43:46.028" endtime="20210211 16:43:46.081"></status>
</kw>
<kw name="Fill Text" library="Browser">
<tags>
<tag>PageContent</tag>
<tag>Setter</tag>
</tags>
<doc>Clears and fills the given ``text`` into the text field found by ``selector``.</doc>
<arguments>
<arg>id=user_password</arg>
<arg>${pass_arg}</arg>
</arguments>
<msg timestamp="20210211 16:43:46.082" level="INFO">Fills the text 'pwd123' in the given field.</msg>
<status status="PASS" starttime="20210211 16:43:46.081" endtime="20210211 16:43:46.099"></status>
</kw>
<kw name="Click" library="Browser">
<tags>
<tag>PageContent</tag>
<tag>Setter</tag>
</tags>
<doc>Simulates mouse click on the element found by ``selector``.</doc>
<arguments>
<arg>input[type=submit]</arg>
</arguments>
<status status="PASS" starttime="20210211 16:43:46.099" endtime="20210211 16:43:47.028"></status>
</kw>
<status status="PASS" starttime="20210211 16:43:46.028" endtime="20210211 16:43:47.028"></status>
</kw>
<kw name="Logout Button Should be visible" library="home">
<kw name="Wait For Elements State" library="Browser">
<tags>
<tag>PageContent</tag>
<tag>Wait</tag>
</tags>
<doc>Waits for the element found by ``selector`` to satisfy state option.</doc>
<arguments>
<arg>a[href$=sign_out]</arg>
<arg>visible</arg>
<arg>10</arg>
</arguments>
<msg timestamp="20210211 16:43:47.321" level="INFO">Wait for Element with selector: a[href$=sign_out]</msg>
<status status="PASS" starttime="20210211 16:43:47.029" endtime="20210211 16:43:47.322"></status>
</kw>
<status status="PASS" starttime="20210211 16:43:47.028" endtime="20210211 16:43:47.322"></status>
</kw>
<status status="PASS" starttime="20210211 16:43:41.796" endtime="20210211 16:43:47.322"></status>
</kw>
<kw name="Click" library="Browser">
<tags>
<tag>PageContent</tag>
<tag>Setter</tag>
</tags>
<doc>Simulates mouse click on the element found by ``selector``.</doc>
<arguments>
<arg>css=a[href*=search]</arg>
</arguments>
<status status="PASS" starttime="20210211 16:43:47.323" endtime="20210211 16:43:47.362"></status>
</kw>
<kw name="Get Text" library="Browser">
<tags>
<tag>Assertion</tag>
<tag>Getter</tag>
<tag>PageContent</tag>
</tags>
<doc>Returns text attribute of the element found by ``selector``.
See the `Finding elements` section for details about the selectors.</doc>
<arguments>
<arg>css=h2</arg>
<arg>equal</arg>
<arg>Buscar</arg>
</arguments>
<status status="PASS" starttime="20210211 16:43:47.363" endtime="20210211 16:43:48.135"></status>
</kw>
<kw name="Click" library="Browser">
<tags>
<tag>PageContent</tag>
<tag>Setter</tag>
</tags>
<doc>Simulates mouse click on the element found by ``selector``.</doc>
<arguments>
<arg>xpath=//img[contains(@src, "sertanejo.png")]/..</arg>
</arguments>
<status status="PASS" starttime="20210211 16:43:48.136" endtime="20210211 16:43:51.145"></status>
</kw>
<kw name="Get Text" library="Browser">
<tags>
<tag>Assertion</tag>
<tag>Getter</tag>
<tag>PageContent</tag>
</tags>
<doc>Returns text attribute of the element found by ``selector``.
See the `Finding elements` section for details about the selectors.</doc>
<arguments>
<arg>css=h2</arg>
<arg>equal</arg>
<arg>Sertanejo</arg>
</arguments>
<status status="PASS" starttime="20210211 16:43:51.146" endtime="20210211 16:43:52.052"></status>
</kw>
<kw name="Click" library="Browser">
<tags>
<tag>PageContent</tag>
<tag>Setter</tag>
</tags>
<doc>Simulates mouse click on the element found by ``selector``.</doc>
<arguments>
<arg>xpath=//p[contains(text(), "Marcus e Debug")]/..</arg>
</arguments>
<status status="PASS" starttime="20210211 16:43:52.053" endtime="20210211 16:43:52.109"></status>
</kw>
<kw name="Get Text" library="Browser">
<tags>
<tag>Assertion</tag>
<tag>Getter</tag>
<tag>PageContent</tag>
</tags>
<doc>Returns text attribute of the element found by ``selector``.
See the `Finding elements` section for details about the selectors.</doc>
<arguments>
<arg>css=h2</arg>
<arg>equal</arg>
<arg>Músicas</arg>
</arguments>
<status status="PASS" starttime="20210211 16:43:52.110" endtime="20210211 16:43:53.029"></status>
</kw>
<kw name="Click" library="Browser">
<tags>
<tag>PageContent</tag>
<tag>Setter</tag>
</tags>
<doc>Simulates mouse click on the element found by ``selector``.</doc>
<arguments>
<arg>css=a[data-song$="bugdemanha.mp3"]</arg>
</arguments>
<status status="PASS" starttime="20210211 16:43:53.030" endtime="20210211 16:43:53.121"></status>
</kw>
<kw name="Get Text" library="Browser">
<tags>
<tag>Assertion</tag>
<tag>Getter</tag>
<tag>PageContent</tag>
</tags>
<doc>Returns text attribute of the element found by ``selector``.
See the `Finding elements` section for details about the selectors.</doc>
<arguments>
<arg>css=h2</arg>
<arg>equal</arg>
<arg>Músicas</arg>
</arguments>
<status status="PASS" starttime="20210211 16:43:53.121" endtime="20210211 16:43:53.136"></status>
</kw>
<kw name="Sleep" library="BuiltIn">
<doc>Pauses the test executed for the given time.</doc>
<arguments>
<arg>10</arg>
</arguments>
<msg timestamp="20210211 16:44:03.139" level="INFO">Slept 10 seconds</msg>
<status status="PASS" starttime="20210211 16:43:53.136" endtime="20210211 16:44:03.139"></status>
</kw>
<kw name="Take Screenshot" library="Browser" type="teardown">
<tags>
<tag>PageContent</tag>
</tags>
<doc>Takes a screenshot of the current window and saves it to ``path``. Saves it as a png.</doc>
<msg timestamp="20210211 16:44:03.527" level="INFO" html="yes">&lt;/td&gt;&lt;/tr&gt;&lt;tr&gt;&lt;td colspan="3"&gt;&lt;a href="browser/screenshot/robotframework-browser-screenshot-73.png"&gt;&lt;img src="browser/screenshot/robotframework-browser-screenshot-73.png" width="800px"&gt;&lt;/a&gt;</msg>
<status status="PASS" starttime="20210211 16:44:03.140" endtime="20210211 16:44:03.527"></status>
</kw>
<status status="PASS" starttime="20210211 16:43:41.790" endtime="20210211 16:44:03.527" critical="yes"></status>
</test>
<doc>Testando reprodução de paródias</doc>
<status status="PASS" starttime="20210211 16:43:40.995" endtime="20210211 16:44:03.650"></status>
</suite>
<statistics>
<total>
<stat pass="1" fail="0">Critical Tests</stat>
<stat pass="1" fail="0">All Tests</stat>
</total>
<tag>
</tag>
<suite>
<stat pass="1" fail="0" id="s1" name="Play">Play</stat>
</suite>
</statistics>
<errors>
<msg timestamp="20210211 16:43:41.798" level="WARN">Open Browser is for quick experimentation and debugging only. Use New Page for production.</msg>
</errors>
</robot>
